<?xml version="1.0" encoding="utf-8"?><testsuites><testsuite name="pytest" errors="0" failures="330" skipped="0" tests="330" time="4.249" timestamp="2026-07-21T20:50:14.025962" hostname="Raghuvardhan"><testcase classname="tests.selenium.test_selenium_suite" name="test_selenium_case[SEL-AUTHENTICATION-001-Authentication-Verify Authentication feature behavior - Scenario 1-E2E check for Authentication subcomponent 1 to ensure visual correctness, user interaction, and data consistency.]" time="2.307"><failure message="AssertionError: Web application failed to open at http://127.0.0.1:8080! Error: Frontend server unreachable: [WinError 10061] No connection could be made because the target machine actively refused it&#10;assert False&#10; +  where False = WebProbe._server_up">tests\selenium\test_selenium_suite.py:79: in test_selenium_case
    assert WebProbe._server_up, f"Web application failed to open at {FRONTEND_URL}! Error: {WebProbe._error}"
E   AssertionError: Web application failed to open at http://127.0.0.1:8080! Error: Frontend server unreachable: [WinError 10061] No connection could be made because the target machine actively refused it
E   assert False
E    +  where False = WebProbe._server_up</failure></testcase><testcase classname="tests.selenium.test_selenium_suite" name="test_selenium_case[SEL-AUTHENTICATION-002-Authentication-Verify Authentication feature behavior - Scenario 2-E2E check for Authentication subcomponent 2 to ensure visual correctness, user interaction, and data consistency.]" time="0.001"><failure message="AssertionError: Web application failed to open at http://127.0.0.1:8080! Error: Frontend server unreachable: [WinError 10061] No connection could be made because the target machine actively refused it&#10;assert False&#10; +  where False = WebProbe._server_up">tests\selenium\test_selenium_suite.py:79: in test_selenium_case
    assert WebProbe._server_up, f"Web application failed to open at {FRONTEND_URL}! Error: {WebProbe._error}"
E   AssertionError: Web application failed to open at http://127.0.0.1:8080! Error: Frontend server unreachable: [WinError 10061] No connection could be made because the target machine actively refused it
E   assert False
E    +  where False = WebProbe._server_up</failure></testcase><testcase classname="tests.selenium.test_selenium_suite" name="test_selenium_case[SEL-AUTHENTICATION-003-Authentication-Verify Authentication feature behavior - Scenario 3-E2E check for Authentication subcomponent 3 to ensure visual correctness, user interaction, and data consistency.]" time="0.001"><failure message="AssertionError: Web application failed to open at http://127.0.0.1:8080! Error: Frontend server unreachable: [WinError 10061] No connection could be made because the target machine actively refused it&#10;assert False&#10; +  where False = WebProbe._server_up">tests\selenium\test_selenium_suite.py:79: in test_selenium_case
    assert WebProbe._server_up, f"Web application failed to open at {FRONTEND_URL}! Error: {WebProbe._error}"
E   AssertionError: Web application failed to open at http://127.0.0.1:8080! Error: Frontend server unreachable: [WinError 10061] No connection could be made because the target machine actively refused it
E   assert False
E    +  where False = WebProbe._server_up</failure></testcase><testcase classname="tests.selenium.test_selenium_suite" name="test_selenium_case[SEL-AUTHENTICATION-004-Authentication-Verify Authentication feature behavior - Scenario 4-E2E check for Authentication subcomponent 4 to ensure visual correctness, user interaction, and data consistency.]" time="0.001"><failure message="AssertionError: Web application failed to open at http://127.0.0.1:8080! Error: Frontend server unreachable: [WinError 10061] No connection could be made because the target machine actively refused it&#10;assert False&#10; +  where False = WebProbe._server_up">tests\selenium\test_selenium_suite.py:79: in test_selenium_case
    assert WebProbe._server_up, f"Web application failed to open at {FRONTEND_URL}! Error: {WebProbe._error}"
E   AssertionError: Web application failed to open at http://127.0.0.1:8080! Error: Frontend server unreachable: [WinError 10061] No connection could be made because the target machine actively refused it
E   assert False
E    +  where False = WebProbe._server_up</failure></testcase><testcase classname="tests.selenium.test_selenium_suite" name="test_selenium_case[SEL-AUTHENTICATION-005-Authentication-Verify Authentication feature behavior - Scenario 5-E2E check for Authentication subcomponent 5 to ensure visual correctness, user interaction, and data consistency.]" time="0.001"><failure message="AssertionError: Web application failed to open at http://127.0.0.1:8080! Error: Frontend server unreachable: [WinError 10061] No connection could be made because the target machine actively refused it&#10;assert False&#10; +  where False = WebProbe._server_up">tests\selenium\test_selenium_suite.py:79: in test_selenium_case
    assert WebProbe._server_up, f"Web application failed to open at {FRONTEND_URL}! Error: {WebProbe._error}"
E   AssertionError: Web application failed to open at http://127.0.0.1:8080! Error: Frontend server unreachable: [WinError 10061] No connection could be made because the target machine actively refused it
E   assert False
E    +  where False = WebProbe._server_up</failure></testcase><testcase classname="tests.selenium.test_selenium_suite" name="test_selenium_case[SEL-AUTHENTICATION-006-Authentication-Verify Authentication feature behavior - Scenario 6-E2E check for Authentication subcomponent 6 to ensure visual correctness, user interaction, and data consistency.]" time="0.001"><failure message="AssertionError: Web application failed to open at http://127.0.0.1:8080! Error: Frontend server unreachable: [WinError 10061] No connection could be made because the target machine actively refused it&#10;assert False&#10; +  where False = WebProbe._server_up">tests\selenium\test_selenium_suite.py:79: in test_selenium_case
    assert WebProbe._server_up, f"Web application failed to open at {FRONTEND_URL}! Error: {WebProbe._error}"
E   AssertionError: Web application failed to open at http://127.0.0.1:8080! Error: Frontend server unreachable: [WinError 10061] No connection could be made because the target machine actively refused it
E   assert False
E    +  where False = WebProbe._server_up</failure></testcase><testcase classname="tests.selenium.test_selenium_suite" name="test_selenium_case[SEL-AUTHENTICATION-007-Authentication-Verify Authentication feature behavior - Scenario 7-E2E check for Authentication subcomponent 7 to ensure visual correctness, user interaction, and data consistency.]" time="0.001"><failure message="AssertionError: Web application failed to open at http://127.0.0.1:8080! Error: Frontend server unreachable: [WinError 10061] No connection could be made because the target machine actively refused it&#10;assert False&#10; +  where False = WebProbe._server_up">tests\selenium\test_selenium_suite.py:79: in test_selenium_case
    assert WebProbe._server_up, f"Web application failed to open at {FRONTEND_URL}! Error: {WebProbe._error}"
E   AssertionError: Web application failed to open at http://127.0.0.1:8080! Error: Frontend server unreachable: [WinError 10061] No connection could be made because the target machine actively refused it
E   assert False
E    +  where False = WebProbe._server_up</failure></testcase><testcase classname="tests.selenium.test_selenium_suite" name="test_selenium_case[SEL-AUTHENTICATION-008-Authentication-Verify Authentication feature behavior - Scenario 8-E2E check for Authentication subcomponent 8 to ensure visual correctness, user interaction, and data consistency.]" time="0.001"><failure message="AssertionError: Web application failed to open at http://127.0.0.1:8080! Error: Frontend server unreachable: [WinError 10061] No connection could be made because the target machine actively refused it&#10;assert False&#10; +  where False = WebProbe._server_up">tests\selenium\test_selenium_suite.py:79: in test_selenium_case
    assert WebProbe._server_up, f"Web application failed to open at {FRONTEND_URL}! Error: {WebProbe._error}"
E   AssertionError: Web application failed to open at http://127.0.0.1:8080! Error: Frontend server unreachable: [WinError 10061] No connection could be made because the target machine actively refused it
E   assert False
E    +  where False = WebProbe._server_up</failure></testcase><testcase classname="tests.selenium.test_selenium_suite" name="test_selenium_case[SEL-AUTHENTICATION-009-Authentication-Verify Authentication feature behavior - Scenario 9-E2E check for Authentication subcomponent 9 to ensure visual correctness, user interaction, and data consistency.]" time="0.001"><failure message="AssertionError: Web application failed to open at http://127.0.0.1:8080! Error: Frontend server unreachable: [WinError 10061] No connection could be made because the target machine actively refused it&#10;assert False&#10; +  where False = WebProbe._server_up">tests\selenium\test_selenium_suite.py:79: in test_selenium_case
    assert WebProbe._server_up, f"Web application failed to open at {FRONTEND_URL}! Error: {WebProbe._error}"
E   AssertionError: Web application failed to open at http://127.0.0.1:8080! Error: Frontend server unreachable: [WinError 10061] No connection could be made because the target machine actively refused it
E   assert False
E    +  where False = WebProbe._server_up</failure></testcase><testcase classname="tests.selenium.test_selenium_suite" name="test_selenium_case[SEL-AUTHENTICATION-010-Authentication-Verify Authentication feature behavior - Scenario 10-E2E check for Authentication subcomponent 10 to ensure visual correctness, user interaction, and data consistency.]" time="0.001"><failure message="AssertionError: Web application failed to open at http://127.0.0.1:8080! Error: Frontend server unreachable: [WinError 10061] No connection could be made because the target machine actively refused it&#10;assert False&#10; +  where False = WebProbe._server_up">tests\selenium\test_selenium_suite.py:79: in test_selenium_case
    assert WebProbe._server_up, f"Web application failed to open at {FRONTEND_URL}! Error: {WebProbe._error}"
E   AssertionError: Web application failed to open at http://127.0.0.1:8080! Error: Frontend server unreachable: [WinError 10061] No connection could be made because the target machine actively refused it
E   assert False
E    +  where False = WebProbe._server_up</failure></testcase><testcase classname="tests.selenium.test_selenium_suite" name="test_selenium_case[SEL-AUTHENTICATION-011-Authentication-Verify Authentication feature behavior - Scenario 11-E2E check for Authentication subcomponent 11 to ensure visual correctness, user interaction, and data consistency.]" time="0.001"><failure message="AssertionError: Web application failed to open at http://127.0.0.1:8080! Error: Frontend server unreachable: [WinError 10061] No connection could be made because the target machine actively refused it&#10;assert False&#10; +  where False = WebProbe._server_up">tests\selenium\test_selenium_suite.py:79: in test_selenium_case
    assert WebProbe._server_up, f"Web application failed to open at {FRONTEND_URL}! Error: {WebProbe._error}"
E   AssertionError: Web application failed to open at http://127.0.0.1:8080! Error: Frontend server unreachable: [WinError 10061] No connection could be made because the target machine actively refused it
E   assert False
E    +  where False = WebProbe._server_up</failure></testcase><testcase classname="tests.selenium.test_selenium_suite" name="test_selenium_case[SEL-AUTHENTICATION-012-Authentication-Verify Authentication feature behavior - Scenario 12-E2E check for Authentication subcomponent 12 to ensure visual correctness, user interaction, and data consistency.]" time="0.001"><failure message="AssertionError: Web application failed to open at http://127.0.0.1:8080! Error: Frontend server unreachable: [WinError 10061] No connection could be made because the target machine actively refused it&#10;assert False&#10; +  where False = WebProbe._server_up">tests\selenium\test_selenium_suite.py:79: in test_selenium_case
    assert WebProbe._server_up, f"Web application failed to open at {FRONTEND_URL}! Error: {WebProbe._error}"
E   AssertionError: Web application failed to open at http://127.0.0.1:8080! Error: Frontend server unreachable: [WinError 10061] No connection could be made because the target machine actively refused it
E   assert False
E    +  where False = WebProbe._server_up</failure></testcase><testcase classname="tests.selenium.test_selenium_suite" name="test_selenium_case[SEL-AUTHENTICATION-013-Authentication-Verify Authentication feature behavior - Scenario 13-E2E check for Authentication subcomponent 13 to ensure visual correctness, user interaction, and data consistency.]" time="0.001"><failure message="AssertionError: Web application failed to open at http://127.0.0.1:8080! Error: Frontend server unreachable: [WinError 10061] No connection could be made because the target machine actively refused it&#10;assert False&#10; +  where False = WebProbe._server_up">tests\selenium\test_selenium_suite.py:79: in test_selenium_case
    assert WebProbe._server_up, f"Web application failed to open at {FRONTEND_URL}! Error: {WebProbe._error}"
E   AssertionError: Web application failed to open at http://127.0.0.1:8080! Error: Frontend server unreachable: [WinError 10061] No connection could be made because the target machine actively refused it
E   assert False
E    +  where False = WebProbe._server_up</failure></testcase><testcase classname="tests.selenium.test_selenium_suite" name="test_selenium_case[SEL-AUTHENTICATION-014-Authentication-Verify Authentication feature behavior - Scenario 14-E2E check for Authentication subcomponent 14 to ensure visual correctness, user interaction, and data consistency.]" time="0.001"><failure message="AssertionError: Web application failed to open at http://127.0.0.1:8080! Error: Frontend server unreachable: [WinError 10061] No connection could be made because the target machine actively refused it&#10;assert False&#10; +  where False = WebProbe._server_up">tests\selenium\test_selenium_suite.py:79: in test_selenium_case
    assert WebProbe._server_up, f"Web application failed to open at {FRONTEND_URL}! Error: {WebProbe._error}"
E   AssertionError: Web application failed to open at http://127.0.0.1:8080! Error: Frontend server unreachable: [WinError 10061] No connection could be made because the target machine actively refused it
E   assert False
E    +  where False = WebProbe._server_up</failure></testcase><testcase classname="tests.selenium.test_selenium_suite" name="test_selenium_case[SEL-AUTHENTICATION-015-Authentication-Verify Authentication feature behavior - Scenario 15-E2E check for Authentication subcomponent 15 to ensure visual correctness, user interaction, and data consistency.]" time="0.001"><failure message="AssertionError: Web application failed to open at http://127.0.0.1:8080! Error: Frontend server unreachable: [WinError 10061] No connection could be made because the target machine actively refused it&#10;assert False&#10; +  where False = WebProbe._server_up">tests\selenium\test_selenium_suite.py:79: in test_selenium_case
    assert WebProbe._server_up, f"Web application failed to open at {FRONTEND_URL}! Error: {WebProbe._error}"
E   AssertionError: Web application failed to open at http://127.0.0.1:8080! Error: Frontend server unreachable: [WinError 10061] No connection could be made because the target machine actively refused it
E   assert False
E    +  where False = WebProbe._server_up</failure></testcase><testcase classname="tests.selenium.test_selenium_suite" name="test_selenium_case[SEL-AUTHENTICATION-016-Authentication-Verify Authentication feature behavior - Scenario 16-E2E check for Authentication subcomponent 16 to ensure visual correctness, user interaction, and data consistency.]" time="0.001"><failure message="AssertionError: Web application failed to open at http://127.0.0.1:8080! Error: Frontend server unreachable: [WinError 10061] No connection could be made because the target machine actively refused it&#10;assert False&#10; +  where False = WebProbe._server_up">tests\selenium\test_selenium_suite.py:79: in test_selenium_case
    assert WebProbe._server_up, f"Web application failed to open at {FRONTEND_URL}! Error: {WebProbe._error}"
E   AssertionError: Web application failed to open at http://127.0.0.1:8080! Error: Frontend server unreachable: [WinError 10061] No connection could be made because the target machine actively refused it
E   assert False
E    +  where False = WebProbe._server_up</failure></testcase><testcase classname="tests.selenium.test_selenium_suite" name="test_selenium_case[SEL-AUTHENTICATION-017-Authentication-Verify Authentication feature behavior - Scenario 17-E2E check for Authentication subcomponent 17 to ensure visual correctness, user interaction, and data consistency.]" time="0.001"><failure message="AssertionError: Web application failed to open at http://127.0.0.1:8080! Error: Frontend server unreachable: [WinError 10061] No connection could be made because the target machine actively refused it&#10;assert False&#10; +  where False = WebProbe._server_up">tests\selenium\test_selenium_suite.py:79: in test_selenium_case
    assert WebProbe._server_up, f"Web application failed to open at {FRONTEND_URL}! Error: {WebProbe._error}"
E   AssertionError: Web application failed to open at http://127.0.0.1:8080! Error: Frontend server unreachable: [WinError 10061] No connection could be made because the target machine actively refused it
E   assert False
E    +  where False = WebProbe._server_up</failure></testcase><testcase classname="tests.selenium.test_selenium_suite" name="test_selenium_case[SEL-AUTHENTICATION-018-Authentication-Verify Authentication feature behavior - Scenario 18-E2E check for Authentication subcomponent 18 to ensure visual correctness, user interaction, and data consistency.]" time="0.001"><failure message="AssertionError: Web application failed to open at http://127.0.0.1:8080! Error: Frontend server unreachable: [WinError 10061] No connection could be made because the target machine actively refused it&#10;assert False&#10; +  where False = WebProbe._server_up">tests\selenium\test_selenium_suite.py:79: in test_selenium_case
    assert WebProbe._server_up, f"Web application failed to open at {FRONTEND_URL}! Error: {WebProbe._error}"
E   AssertionError: Web application failed to open at http://127.0.0.1:8080! Error: Frontend server unreachable: [WinError 10061] No connection could be made because the target machine actively refused it
E   assert False
E    +  where False = WebProbe._server_up</failure></testcase><testcase classname="tests.selenium.test_selenium_suite" name="test_selenium_case[SEL-AUTHENTICATION-019-Authentication-Verify Authentication feature behavior - Scenario 19-E2E check for Authentication subcomponent 19 to ensure visual correctness, user interaction, and data consistency.]" time="0.001"><failure message="AssertionError: Web application failed to open at http://127.0.0.1:8080! Error: Frontend server unreachable: [WinError 10061] No connection could be made because the target machine actively refused it&#10;assert False&#10; +  where False = WebProbe._server_up">tests\selenium\test_selenium_suite.py:79: in test_selenium_case
    assert WebProbe._server_up, f"Web application failed to open at {FRONTEND_URL}! Error: {WebProbe._error}"
E   AssertionError: Web application failed to open at http://127.0.0.1:8080! Error: Frontend server unreachable: [WinError 10061] No connection could be made because the target machine actively refused it
E   assert False
E    +  where False = WebProbe._server_up</failure></testcase><testcase classname="tests.selenium.test_selenium_suite" name="test_selenium_case[SEL-AUTHENTICATION-020-Authentication-Verify Authentication feature behavior - Scenario 20-E2E check for Authentication subcomponent 20 to ensure visual correctness, user interaction, and data consistency.]" time="0.001"><failure message="AssertionError: Web application failed to open at http://127.0.0.1:8080! Error: Frontend server unreachable: [WinError 10061] No connection could be made because the target machine actively refused it&#10;assert False&#10; +  where False = WebProbe._server_up">tests\selenium\test_selenium_suite.py:79: in test_selenium_case
    assert WebProbe._server_up, f"Web application failed to open at {FRONTEND_URL}! Error: {WebProbe._error}"
E   AssertionError: Web application failed to open at http://127.0.0.1:8080! Error: Frontend server unreachable: [WinError 10061] No connection could be made because the target machine actively refused it
E   assert False
E    +  where False = WebProbe._server_up</failure></testcase><testcase classname="tests.selenium.test_selenium_suite" name="test_selenium_case[SEL-AUTHENTICATION-021-Authentication-Verify Authentication feature behavior - Scenario 21-E2E check for Authentication subcomponent 21 to ensure visual correctness, user interaction, and data consistency.]" time="0.001"><failure message="AssertionError: Web application failed to open at http://127.0.0.1:8080! Error: Frontend server unreachable: [WinError 10061] No connection could be made because the target machine actively refused it&#10;assert False&#10; +  where False = WebProbe._server_up">tests\selenium\test_selenium_suite.py:79: in test_selenium_case
    assert WebProbe._server_up, f"Web application failed to open at {FRONTEND_URL}! Error: {WebProbe._error}"
E   AssertionError: Web application failed to open at http://127.0.0.1:8080! Error: Frontend server unreachable: [WinError 10061] No connection could be made because the target machine actively refused it
E   assert False
E    +  where False = WebProbe._server_up</failure></testcase><testcase classname="tests.selenium.test_selenium_suite" name="test_selenium_case[SEL-AUTHENTICATION-022-Authentication-Verify Authentication feature behavior - Scenario 22-E2E check for Authentication subcomponent 22 to ensure visual correctness, user interaction, and data consistency.]" time="0.001"><failure message="AssertionError: Web application failed to open at http://127.0.0.1:8080! Error: Frontend server unreachable: [WinError 10061] No connection could be made because the target machine actively refused it&#10;assert False&#10; +  where False = WebProbe._server_up">tests\selenium\test_selenium_suite.py:79: in test_selenium_case
    assert WebProbe._server_up, f"Web application failed to open at {FRONTEND_URL}! Error: {WebProbe._error}"
E   AssertionError: Web application failed to open at http://127.0.0.1:8080! Error: Frontend server unreachable: [WinError 10061] No connection could be made because the target machine actively refused it
E   assert False
E    +  where False = WebProbe._server_up</failure></testcase><testcase classname="tests.selenium.test_selenium_suite" name="test_selenium_case[SEL-AUTHENTICATION-023-Authentication-Verify Authentication feature behavior - Scenario 23-E2E check for Authentication subcomponent 23 to ensure visual correctness, user interaction, and data consistency.]" time="0.000"><failure message="AssertionError: Web application failed to open at http://127.0.0.1:8080! Error: Frontend server unreachable: [WinError 10061] No connection could be made because the target machine actively refused it&#10;assert False&#10; +  where False = WebProbe._server_up">tests\selenium\test_selenium_suite.py:79: in test_selenium_case
    assert WebProbe._server_up, f"Web application failed to open at {FRONTEND_URL}! Error: {WebProbe._error}"
E   AssertionError: Web application failed to open at http://127.0.0.1:8080! Error: Frontend server unreachable: [WinError 10061] No connection could be made because the target machine actively refused it
E   assert False
E    +  where False = WebProbe._server_up</failure></testcase><testcase classname="tests.selenium.test_selenium_suite" name="test_selenium_case[SEL-AUTHENTICATION-024-Authentication-Verify Authentication feature behavior - Scenario 24-E2E check for Authentication subcomponent 24 to ensure visual correctness, user interaction, and data consistency.]" time="0.001"><failure message="AssertionError: Web application failed to open at http://127.0.0.1:8080! Error: Frontend server unreachable: [WinError 10061] No connection could be made because the target machine actively refused it&#10;assert False&#10; +  where False = WebProbe._server_up">tests\selenium\test_selenium_suite.py:79: in test_selenium_case
    assert WebProbe._server_up, f"Web application failed to open at {FRONTEND_URL}! Error: {WebProbe._error}"
E   AssertionError: Web application failed to open at http://127.0.0.1:8080! Error: Frontend server unreachable: [WinError 10061] No connection could be made because the target machine actively refused it
E   assert False
E    +  where False = WebProbe._server_up</failure></testcase><testcase classname="tests.selenium.test_selenium_suite" name="test_selenium_case[SEL-AUTHENTICATION-025-Authentication-Verify Authentication feature behavior - Scenario 25-E2E check for Authentication subcomponent 25 to ensure visual correctness, user interaction, and data consistency.]" time="0.001"><failure message="AssertionError: Web application failed to open at http://127.0.0.1:8080! Error: Frontend server unreachable: [WinError 10061] No connection could be made because the target machine actively refused it&#10;assert False&#10; +  where False = WebProbe._server_up">tests\selenium\test_selenium_suite.py:79: in test_selenium_case
    assert WebProbe._server_up, f"Web application failed to open at {FRONTEND_URL}! Error: {WebProbe._error}"
E   AssertionError: Web application failed to open at http://127.0.0.1:8080! Error: Frontend server unreachable: [WinError 10061] No connection could be made because the target machine actively refused it
E   assert False
E    +  where False = WebProbe._server_up</failure></testcase><testcase classname="tests.selenium.test_selenium_suite" name="test_selenium_case[SEL-AUTHENTICATION-026-Authentication-Verify Authentication feature behavior - Scenario 26-E2E check for Authentication subcomponent 26 to ensure visual correctness, user interaction, and data consistency.]" time="0.001"><failure message="AssertionError: Web application failed to open at http://127.0.0.1:8080! Error: Frontend server unreachable: [WinError 10061] No connection could be made because the target machine actively refused it&#10;assert False&#10; +  where False = WebProbe._server_up">tests\selenium\test_selenium_suite.py:79: in test_selenium_case
    assert WebProbe._server_up, f"Web application failed to open at {FRONTEND_URL}! Error: {WebProbe._error}"
E   AssertionError: Web application failed to open at http://127.0.0.1:8080! Error: Frontend server unreachable: [WinError 10061] No connection could be made because the target machine actively refused it
E   assert False
E    +  where False = WebProbe._server_up</failure></testcase><testcase classname="tests.selenium.test_selenium_suite" name="test_selenium_case[SEL-AUTHENTICATION-027-Authentication-Verify Authentication feature behavior - Scenario 27-E2E check for Authentication subcomponent 27 to ensure visual correctness, user interaction, and data consistency.]" time="0.001"><failure message="AssertionError: Web application failed to open at http://127.0.0.1:8080! Error: Frontend server unreachable: [WinError 10061] No connection could be made because the target machine actively refused it&#10;assert False&#10; +  where False = WebProbe._server_up">tests\selenium\test_selenium_suite.py:79: in test_selenium_case
    assert WebProbe._server_up, f"Web application failed to open at {FRONTEND_URL}! Error: {WebProbe._error}"
E   AssertionError: Web application failed to open at http://127.0.0.1:8080! Error: Frontend server unreachable: [WinError 10061] No connection could be made because the target machine actively refused it
E   assert False
E    +  where False = WebProbe._server_up</failure></testcase><testcase classname="tests.selenium.test_selenium_suite" name="test_selenium_case[SEL-AUTHENTICATION-028-Authentication-Verify Authentication feature behavior - Scenario 28-E2E check for Authentication subcomponent 28 to ensure visual correctness, user interaction, and data consistency.]" time="0.001"><failure message="AssertionError: Web application failed to open at http://127.0.0.1:8080! Error: Frontend server unreachable: [WinError 10061] No connection could be made because the target machine actively refused it&#10;assert False&#10; +  where False = WebProbe._server_up">tests\selenium\test_selenium_suite.py:79: in test_selenium_case
    assert WebProbe._server_up, f"Web application failed to open at {FRONTEND_URL}! Error: {WebProbe._error}"
E   AssertionError: Web application failed to open at http://127.0.0.1:8080! Error: Frontend server unreachable: [WinError 10061] No connection could be made because the target machine actively refused it
E   assert False
E    +  where False = WebProbe._server_up</failure></testcase><testcase classname="tests.selenium.test_selenium_suite" name="test_selenium_case[SEL-AUTHENTICATION-029-Authentication-Verify Authentication feature behavior - Scenario 29-E2E check for Authentication subcomponent 29 to ensure visual correctness, user interaction, and data consistency.]" time="0.001"><failure message="AssertionError: Web application failed to open at http://127.0.0.1:8080! Error: Frontend server unreachable: [WinError 10061] No connection could be made because the target machine actively refused it&#10;assert False&#10; +  where False = WebProbe._server_up">tests\selenium\test_selenium_suite.py:79: in test_selenium_case
    assert WebProbe._server_up, f"Web application failed to open at {FRONTEND_URL}! Error: {WebProbe._error}"
E   AssertionError: Web application failed to open at http://127.0.0.1:8080! Error: Frontend server unreachable: [WinError 10061] No connection could be made because the target machine actively refused it
E   assert False
E    +  where False = WebProbe._server_up</failure></testcase><testcase classname="tests.selenium.test_selenium_suite" name="test_selenium_case[SEL-AUTHENTICATION-030-Authentication-Verify Authentication feature behavior - Scenario 30-E2E check for Authentication subcomponent 30 to ensure visual correctness, user interaction, and data consistency.]" time="0.001"><failure message="AssertionError: Web application failed to open at http://127.0.0.1:8080! Error: Frontend server unreachable: [WinError 10061] No connection could be made because the target machine actively refused it&#10;assert False&#10; +  where False = WebProbe._server_up">tests\selenium\test_selenium_suite.py:79: in test_selenium_case
    assert WebProbe._server_up, f"Web application failed to open at {FRONTEND_URL}! Error: {WebProbe._error}"
E   AssertionError: Web application failed to open at http://127.0.0.1:8080! Error: Frontend server unreachable: [WinError 10061] No connection could be made because the target machine actively refused it
E   assert False
E    +  where False = WebProbe._server_up</failure></testcase><testcase classname="tests.selenium.test_selenium_suite" name="test_selenium_case[SEL-AUTHENTICATION-031-Authentication-Verify Authentication feature behavior - Scenario 31-E2E check for Authentication subcomponent 31 to ensure visual correctness, user interaction, and data consistency.]" time="0.001"><failure message="AssertionError: Web application failed to open at http://127.0.0.1:8080! Error: Frontend server unreachable: [WinError 10061] No connection could be made because the target machine actively refused it&#10;assert False&#10; +  where False = WebProbe._server_up">tests\selenium\test_selenium_suite.py:79: in test_selenium_case
    assert WebProbe._server_up, f"Web application failed to open at {FRONTEND_URL}! Error: {WebProbe._error}"
E   AssertionError: Web application failed to open at http://127.0.0.1:8080! Error: Frontend server unreachable: [WinError 10061] No connection could be made because the target machine actively refused it
E   assert False
E    +  where False = WebProbe._server_up</failure></testcase><testcase classname="tests.selenium.test_selenium_suite" name="test_selenium_case[SEL-AUTHENTICATION-032-Authentication-Verify Authentication feature behavior - Scenario 32-E2E check for Authentication subcomponent 32 to ensure visual correctness, user interaction, and data consistency.]" time="0.001"><failure message="AssertionError: Web application failed to open at http://127.0.0.1:8080! Error: Frontend server unreachable: [WinError 10061] No connection could be made because the target machine actively refused it&#10;assert False&#10; +  where False = WebProbe._server_up">tests\selenium\test_selenium_suite.py:79: in test_selenium_case
    assert WebProbe._server_up, f"Web application failed to open at {FRONTEND_URL}! Error: {WebProbe._error}"
E   AssertionError: Web application failed to open at http://127.0.0.1:8080! Error: Frontend server unreachable: [WinError 10061] No connection could be made because the target machine actively refused it
E   assert False
E    +  where False = WebProbe._server_up</failure></testcase><testcase classname="tests.selenium.test_selenium_suite" name="test_selenium_case[SEL-AUTHENTICATION-033-Authentication-Verify Authentication feature behavior - Scenario 33-E2E check for Authentication subcomponent 33 to ensure visual correctness, user interaction, and data consistency.]" time="0.000"><failure message="AssertionError: Web application failed to open at http://127.0.0.1:8080! Error: Frontend server unreachable: [WinError 10061] No connection could be made because the target machine actively refused it&#10;assert False&#10; +  where False = WebProbe._server_up">tests\selenium\test_selenium_suite.py:79: in test_selenium_case
    assert WebProbe._server_up, f"Web application failed to open at {FRONTEND_URL}! Error: {WebProbe._error}"
E   AssertionError: Web application failed to open at http://127.0.0.1:8080! Error: Frontend server unreachable: [WinError 10061] No connection could be made because the target machine actively refused it
E   assert False
E    +  where False = WebProbe._server_up</failure></testcase><testcase classname="tests.selenium.test_selenium_suite" name="test_selenium_case[SEL-USERS-001-Users-Verify Users feature behavior - Scenario 1-E2E check for Users subcomponent 1 to ensure visual correctness, user interaction, and data consistency.]" time="0.001"><failure message="AssertionError: Web application failed to open at http://127.0.0.1:8080! Error: Frontend server unreachable: [WinError 10061] No connection could be made because the target machine actively refused it&#10;assert False&#10; +  where False = WebProbe._server_up">tests\selenium\test_selenium_suite.py:79: in test_selenium_case
    assert WebProbe._server_up, f"Web application failed to open at {FRONTEND_URL}! Error: {WebProbe._error}"
E   AssertionError: Web application failed to open at http://127.0.0.1:8080! Error: Frontend server unreachable: [WinError 10061] No connection could be made because the target machine actively refused it
E   assert False
E    +  where False = WebProbe._server_up</failure></testcase><testcase classname="tests.selenium.test_selenium_suite" name="test_selenium_case[SEL-USERS-002-Users-Verify Users feature behavior - Scenario 2-E2E check for Users subcomponent 2 to ensure visual correctness, user interaction, and data consistency.]" time="0.001"><failure message="AssertionError: Web application failed to open at http://127.0.0.1:8080! Error: Frontend server unreachable: [WinError 10061] No connection could be made because the target machine actively refused it&#10;assert False&#10; +  where False = WebProbe._server_up">tests\selenium\test_selenium_suite.py:79: in test_selenium_case
    assert WebProbe._server_up, f"Web application failed to open at {FRONTEND_URL}! Error: {WebProbe._error}"
E   AssertionError: Web application failed to open at http://127.0.0.1:8080! Error: Frontend server unreachable: [WinError 10061] No connection could be made because the target machine actively refused it
E   assert False
E    +  where False = WebProbe._server_up</failure></testcase><testcase classname="tests.selenium.test_selenium_suite" name="test_selenium_case[SEL-USERS-003-Users-Verify Users feature behavior - Scenario 3-E2E check for Users subcomponent 3 to ensure visual correctness, user interaction, and data consistency.]" time="0.001"><failure message="AssertionError: Web application failed to open at http://127.0.0.1:8080! Error: Frontend server unreachable: [WinError 10061] No connection could be made because the target machine actively refused it&#10;assert False&#10; +  where False = WebProbe._server_up">tests\selenium\test_selenium_suite.py:79: in test_selenium_case
    assert WebProbe._server_up, f"Web application failed to open at {FRONTEND_URL}! Error: {WebProbe._error}"
E   AssertionError: Web application failed to open at http://127.0.0.1:8080! Error: Frontend server unreachable: [WinError 10061] No connection could be made because the target machine actively refused it
E   assert False
E    +  where False = WebProbe._server_up</failure></testcase><testcase classname="tests.selenium.test_selenium_suite" name="test_selenium_case[SEL-USERS-004-Users-Verify Users feature behavior - Scenario 4-E2E check for Users subcomponent 4 to ensure visual correctness, user interaction, and data consistency.]" time="0.000"><failure message="AssertionError: Web application failed to open at http://127.0.0.1:8080! Error: Frontend server unreachable: [WinError 10061] No connection could be made because the target machine actively refused it&#10;assert False&#10; +  where False = WebProbe._server_up">tests\selenium\test_selenium_suite.py:79: in test_selenium_case
    assert WebProbe._server_up, f"Web application failed to open at {FRONTEND_URL}! Error: {WebProbe._error}"
E   AssertionError: Web application failed to open at http://127.0.0.1:8080! Error: Frontend server unreachable: [WinError 10061] No connection could be made because the target machine actively refused it
E   assert False
E    +  where False = WebProbe._server_up</failure></testcase><testcase classname="tests.selenium.test_selenium_suite" name="test_selenium_case[SEL-USERS-005-Users-Verify Users feature behavior - Scenario 5-E2E check for Users subcomponent 5 to ensure visual correctness, user interaction, and data consistency.]" time="0.001"><failure message="AssertionError: Web application failed to open at http://127.0.0.1:8080! Error: Frontend server unreachable: [WinError 10061] No connection could be made because the target machine actively refused it&#10;assert False&#10; +  where False = WebProbe._server_up">tests\selenium\test_selenium_suite.py:79: in test_selenium_case
    assert WebProbe._server_up, f"Web application failed to open at {FRONTEND_URL}! Error: {WebProbe._error}"
E   AssertionError: Web application failed to open at http://127.0.0.1:8080! Error: Frontend server unreachable: [WinError 10061] No connection could be made because the target machine actively refused it
E   assert False
E    +  where False = WebProbe._server_up</failure></testcase><testcase classname="tests.selenium.test_selenium_suite" name="test_selenium_case[SEL-USERS-006-Users-Verify Users feature behavior - Scenario 6-E2E check for Users subcomponent 6 to ensure visual correctness, user interaction, and data consistency.]" time="0.001"><failure message="AssertionError: Web application failed to open at http://127.0.0.1:8080! Error: Frontend server unreachable: [WinError 10061] No connection could be made because the target machine actively refused it&#10;assert False&#10; +  where False = WebProbe._server_up">tests\selenium\test_selenium_suite.py:79: in test_selenium_case
    assert WebProbe._server_up, f"Web application failed to open at {FRONTEND_URL}! Error: {WebProbe._error}"
E   AssertionError: Web application failed to open at http://127.0.0.1:8080! Error: Frontend server unreachable: [WinError 10061] No connection could be made because the target machine actively refused it
E   assert False
E    +  where False = WebProbe._server_up</failure></testcase><testcase classname="tests.selenium.test_selenium_suite" name="test_selenium_case[SEL-USERS-007-Users-Verify Users feature behavior - Scenario 7-E2E check for Users subcomponent 7 to ensure visual correctness, user interaction, and data consistency.]" time="0.001"><failure message="AssertionError: Web application failed to open at http://127.0.0.1:8080! Error: Frontend server unreachable: [WinError 10061] No connection could be made because the target machine actively refused it&#10;assert False&#10; +  where False = WebProbe._server_up">tests\selenium\test_selenium_suite.py:79: in test_selenium_case
    assert WebProbe._server_up, f"Web application failed to open at {FRONTEND_URL}! Error: {WebProbe._error}"
E   AssertionError: Web application failed to open at http://127.0.0.1:8080! Error: Frontend server unreachable: [WinError 10061] No connection could be made because the target machine actively refused it
E   assert False
E    +  where False = WebProbe._server_up</failure></testcase><testcase classname="tests.selenium.test_selenium_suite" name="test_selenium_case[SEL-USERS-008-Users-Verify Users feature behavior - Scenario 8-E2E check for Users subcomponent 8 to ensure visual correctness, user interaction, and data consistency.]" time="0.001"><failure message="AssertionError: Web application failed to open at http://127.0.0.1:8080! Error: Frontend server unreachable: [WinError 10061] No connection could be made because the target machine actively refused it&#10;assert False&#10; +  where False = WebProbe._server_up">tests\selenium\test_selenium_suite.py:79: in test_selenium_case
    assert WebProbe._server_up, f"Web application failed to open at {FRONTEND_URL}! Error: {WebProbe._error}"
E   AssertionError: Web application failed to open at http://127.0.0.1:8080! Error: Frontend server unreachable: [WinError 10061] No connection could be made because the target machine actively refused it
E   assert False
E    +  where False = WebProbe._server_up</failure></testcase><testcase classname="tests.selenium.test_selenium_suite" name="test_selenium_case[SEL-USERS-009-Users-Verify Users feature behavior - Scenario 9-E2E check for Users subcomponent 9 to ensure visual correctness, user interaction, and data consistency.]" time="0.000"><failure message="AssertionError: Web application failed to open at http://127.0.0.1:8080! Error: Frontend server unreachable: [WinError 10061] No connection could be made because the target machine actively refused it&#10;assert False&#10; +  where False = WebProbe._server_up">tests\selenium\test_selenium_suite.py:79: in test_selenium_case
    assert WebProbe._server_up, f"Web application failed to open at {FRONTEND_URL}! Error: {WebProbe._error}"
E   AssertionError: Web application failed to open at http://127.0.0.1:8080! Error: Frontend server unreachable: [WinError 10061] No connection could be made because the target machine actively refused it
E   assert False
E    +  where False = WebProbe._server_up</failure></testcase><testcase classname="tests.selenium.test_selenium_suite" name="test_selenium_case[SEL-USERS-010-Users-Verify Users feature behavior - Scenario 10-E2E check for Users subcomponent 10 to ensure visual correctness, user interaction, and data consistency.]" time="0.001"><failure message="AssertionError: Web application failed to open at http://127.0.0.1:8080! Error: Frontend server unreachable: [WinError 10061] No connection could be made because the target machine actively refused it&#10;assert False&#10; +  where False = WebProbe._server_up">tests\selenium\test_selenium_suite.py:79: in test_selenium_case
    assert WebProbe._server_up, f"Web application failed to open at {FRONTEND_URL}! Error: {WebProbe._error}"
E   AssertionError: Web application failed to open at http://127.0.0.1:8080! Error: Frontend server unreachable: [WinError 10061] No connection could be made because the target machine actively refused it
E   assert False
E    +  where False = WebProbe._server_up</failure></testcase><testcase classname="tests.selenium.test_selenium_suite" name="test_selenium_case[SEL-USERS-011-Users-Verify Users feature behavior - Scenario 11-E2E check for Users subcomponent 11 to ensure visual correctness, user interaction, and data consistency.]" time="0.001"><failure message="AssertionError: Web application failed to open at http://127.0.0.1:8080! Error: Frontend server unreachable: [WinError 10061] No connection could be made because the target machine actively refused it&#10;assert False&#10; +  where False = WebProbe._server_up">tests\selenium\test_selenium_suite.py:79: in test_selenium_case
    assert WebProbe._server_up, f"Web application failed to open at {FRONTEND_URL}! Error: {WebProbe._error}"
E   AssertionError: Web application failed to open at http://127.0.0.1:8080! Error: Frontend server unreachable: [WinError 10061] No connection could be made because the target machine actively refused it
E   assert False
E    +  where False = WebProbe._server_up</failure></testcase><testcase classname="tests.selenium.test_selenium_suite" name="test_selenium_case[SEL-USERS-012-Users-Verify Users feature behavior - Scenario 12-E2E check for Users subcomponent 12 to ensure visual correctness, user interaction, and data consistency.]" time="0.001"><failure message="AssertionError: Web application failed to open at http://127.0.0.1:8080! Error: Frontend server unreachable: [WinError 10061] No connection could be made because the target machine actively refused it&#10;assert False&#10; +  where False = WebProbe._server_up">tests\selenium\test_selenium_suite.py:79: in test_selenium_case
    assert WebProbe._server_up, f"Web application failed to open at {FRONTEND_URL}! Error: {WebProbe._error}"
E   AssertionError: Web application failed to open at http://127.0.0.1:8080! Error: Frontend server unreachable: [WinError 10061] No connection could be made because the target machine actively refused it
E   assert False
E    +  where False = WebProbe._server_up</failure></testcase><testcase classname="tests.selenium.test_selenium_suite" name="test_selenium_case[SEL-USERS-013-Users-Verify Users feature behavior - Scenario 13-E2E check for Users subcomponent 13 to ensure visual correctness, user interaction, and data consistency.]" time="0.001"><failure message="AssertionError: Web application failed to open at http://127.0.0.1:8080! Error: Frontend server unreachable: [WinError 10061] No connection could be made because the target machine actively refused it&#10;assert False&#10; +  where False = WebProbe._server_up">tests\selenium\test_selenium_suite.py:79: in test_selenium_case
    assert WebProbe._server_up, f"Web application failed to open at {FRONTEND_URL}! Error: {WebProbe._error}"
E   AssertionError: Web application failed to open at http://127.0.0.1:8080! Error: Frontend server unreachable: [WinError 10061] No connection could be made because the target machine actively refused it
E   assert False
E    +  where False = WebProbe._server_up</failure></testcase><testcase classname="tests.selenium.test_selenium_suite" name="test_selenium_case[SEL-USERS-014-Users-Verify Users feature behavior - Scenario 14-E2E check for Users subcomponent 14 to ensure visual correctness, user interaction, and data consistency.]" time="0.001"><failure message="AssertionError: Web application failed to open at http://127.0.0.1:8080! Error: Frontend server unreachable: [WinError 10061] No connection could be made because the target machine actively refused it&#10;assert False&#10; +  where False = WebProbe._server_up">tests\selenium\test_selenium_suite.py:79: in test_selenium_case
    assert WebProbe._server_up, f"Web application failed to open at {FRONTEND_URL}! Error: {WebProbe._error}"
E   AssertionError: Web application failed to open at http://127.0.0.1:8080! Error: Frontend server unreachable: [WinError 10061] No connection could be made because the target machine actively refused it
E   assert False
E    +  where False = WebProbe._server_up</failure></testcase><testcase classname="tests.selenium.test_selenium_suite" name="test_selenium_case[SEL-USERS-015-Users-Verify Users feature behavior - Scenario 15-E2E check for Users subcomponent 15 to ensure visual correctness, user interaction, and data consistency.]" time="0.001"><failure message="AssertionError: Web application failed to open at http://127.0.0.1:8080! Error: Frontend server unreachable: [WinError 10061] No connection could be made because the target machine actively refused it&#10;assert False&#10; +  where False = WebProbe._server_up">tests\selenium\test_selenium_suite.py:79: in test_selenium_case
    assert WebProbe._server_up, f"Web application failed to open at {FRONTEND_URL}! Error: {WebProbe._error}"
E   AssertionError: Web application failed to open at http://127.0.0.1:8080! Error: Frontend server unreachable: [WinError 10061] No connection could be made because the target machine actively refused it
E   assert False
E    +  where False = WebProbe._server_up</failure></testcase><testcase classname="tests.selenium.test_selenium_suite" name="test_selenium_case[SEL-USERS-016-Users-Verify Users feature behavior - Scenario 16-E2E check for Users subcomponent 16 to ensure visual correctness, user interaction, and data consistency.]" time="0.001"><failure message="AssertionError: Web application failed to open at http://127.0.0.1:8080! Error: Frontend server unreachable: [WinError 10061] No connection could be made because the target machine actively refused it&#10;assert False&#10; +  where False = WebProbe._server_up">tests\selenium\test_selenium_suite.py:79: in test_selenium_case
    assert WebProbe._server_up, f"Web application failed to open at {FRONTEND_URL}! Error: {WebProbe._error}"
E   AssertionError: Web application failed to open at http://127.0.0.1:8080! Error: Frontend server unreachable: [WinError 10061] No connection could be made because the target machine actively refused it
E   assert False
E    +  where False = WebProbe._server_up</failure></testcase><testcase classname="tests.selenium.test_selenium_suite" name="test_selenium_case[SEL-USERS-017-Users-Verify Users feature behavior - Scenario 17-E2E check for Users subcomponent 17 to ensure visual correctness, user interaction, and data consistency.]" time="0.001"><failure message="AssertionError: Web application failed to open at http://127.0.0.1:8080! Error: Frontend server unreachable: [WinError 10061] No connection could be made because the target machine actively refused it&#10;assert False&#10; +  where False = WebProbe._server_up">tests\selenium\test_selenium_suite.py:79: in test_selenium_case
    assert WebProbe._server_up, f"Web application failed to open at {FRONTEND_URL}! Error: {WebProbe._error}"
E   AssertionError: Web application failed to open at http://127.0.0.1:8080! Error: Frontend server unreachable: [WinError 10061] No connection could be made because the target machine actively refused it
E   assert False
E    +  where False = WebProbe._server_up</failure></testcase><testcase classname="tests.selenium.test_selenium_suite" name="test_selenium_case[SEL-USERS-018-Users-Verify Users feature behavior - Scenario 18-E2E check for Users subcomponent 18 to ensure visual correctness, user interaction, and data consistency.]" time="0.001"><failure message="AssertionError: Web application failed to open at http://127.0.0.1:8080! Error: Frontend server unreachable: [WinError 10061] No connection could be made because the target machine actively refused it&#10;assert False&#10; +  where False = WebProbe._server_up">tests\selenium\test_selenium_suite.py:79: in test_selenium_case
    assert WebProbe._server_up, f"Web application failed to open at {FRONTEND_URL}! Error: {WebProbe._error}"
E   AssertionError: Web application failed to open at http://127.0.0.1:8080! Error: Frontend server unreachable: [WinError 10061] No connection could be made because the target machine actively refused it
E   assert False
E    +  where False = WebProbe._server_up</failure></testcase><testcase classname="tests.selenium.test_selenium_suite" name="test_selenium_case[SEL-USERS-019-Users-Verify Users feature behavior - Scenario 19-E2E check for Users subcomponent 19 to ensure visual correctness, user interaction, and data consistency.]" time="0.001"><failure message="AssertionError: Web application failed to open at http://127.0.0.1:8080! Error: Frontend server unreachable: [WinError 10061] No connection could be made because the target machine actively refused it&#10;assert False&#10; +  where False = WebProbe._server_up">tests\selenium\test_selenium_suite.py:79: in test_selenium_case
    assert WebProbe._server_up, f"Web application failed to open at {FRONTEND_URL}! Error: {WebProbe._error}"
E   AssertionError: Web application failed to open at http://127.0.0.1:8080! Error: Frontend server unreachable: [WinError 10061] No connection could be made because the target machine actively refused it
E   assert False
E    +  where False = WebProbe._server_up</failure></testcase><testcase classname="tests.selenium.test_selenium_suite" name="test_selenium_case[SEL-USERS-020-Users-Verify Users feature behavior - Scenario 20-E2E check for Users subcomponent 20 to ensure visual correctness, user interaction, and data consistency.]" time="0.001"><failure message="AssertionError: Web application failed to open at http://127.0.0.1:8080! Error: Frontend server unreachable: [WinError 10061] No connection could be made because the target machine actively refused it&#10;assert False&#10; +  where False = WebProbe._server_up">tests\selenium\test_selenium_suite.py:79: in test_selenium_case
    assert WebProbe._server_up, f"Web application failed to open at {FRONTEND_URL}! Error: {WebProbe._error}"
E   AssertionError: Web application failed to open at http://127.0.0.1:8080! Error: Frontend server unreachable: [WinError 10061] No connection could be made because the target machine actively refused it
E   assert False
E    +  where False = WebProbe._server_up</failure></testcase><testcase classname="tests.selenium.test_selenium_suite" name="test_selenium_case[SEL-USERS-021-Users-Verify Users feature behavior - Scenario 21-E2E check for Users subcomponent 21 to ensure visual correctness, user interaction, and data consistency.]" time="0.001"><failure message="AssertionError: Web application failed to open at http://127.0.0.1:8080! Error: Frontend server unreachable: [WinError 10061] No connection could be made because the target machine actively refused it&#10;assert False&#10; +  where False = WebProbe._server_up">tests\selenium\test_selenium_suite.py:79: in test_selenium_case
    assert WebProbe._server_up, f"Web application failed to open at {FRONTEND_URL}! Error: {WebProbe._error}"
E   AssertionError: Web application failed to open at http://127.0.0.1:8080! Error: Frontend server unreachable: [WinError 10061] No connection could be made because the target machine actively refused it
E   assert False
E    +  where False = WebProbe._server_up</failure></testcase><testcase classname="tests.selenium.test_selenium_suite" name="test_selenium_case[SEL-USERS-022-Users-Verify Users feature behavior - Scenario 22-E2E check for Users subcomponent 22 to ensure visual correctness, user interaction, and data consistency.]" time="0.001"><failure message="AssertionError: Web application failed to open at http://127.0.0.1:8080! Error: Frontend server unreachable: [WinError 10061] No connection could be made because the target machine actively refused it&#10;assert False&#10; +  where False = WebProbe._server_up">tests\selenium\test_selenium_suite.py:79: in test_selenium_case
    assert WebProbe._server_up, f"Web application failed to open at {FRONTEND_URL}! Error: {WebProbe._error}"
E   AssertionError: Web application failed to open at http://127.0.0.1:8080! Error: Frontend server unreachable: [WinError 10061] No connection could be made because the target machine actively refused it
E   assert False
E    +  where False = WebProbe._server_up</failure></testcase><testcase classname="tests.selenium.test_selenium_suite" name="test_selenium_case[SEL-USERS-023-Users-Verify Users feature behavior - Scenario 23-E2E check for Users subcomponent 23 to ensure visual correctness, user interaction, and data consistency.]" time="0.001"><failure message="AssertionError: Web application failed to open at http://127.0.0.1:8080! Error: Frontend server unreachable: [WinError 10061] No connection could be made because the target machine actively refused it&#10;assert False&#10; +  where False = WebProbe._server_up">tests\selenium\test_selenium_suite.py:79: in test_selenium_case
    assert WebProbe._server_up, f"Web application failed to open at {FRONTEND_URL}! Error: {WebProbe._error}"
E   AssertionError: Web application failed to open at http://127.0.0.1:8080! Error: Frontend server unreachable: [WinError 10061] No connection could be made because the target machine actively refused it
E   assert False
E    +  where False = WebProbe._server_up</failure></testcase><testcase classname="tests.selenium.test_selenium_suite" name="test_selenium_case[SEL-USERS-024-Users-Verify Users feature behavior - Scenario 24-E2E check for Users subcomponent 24 to ensure visual correctness, user interaction, and data consistency.]" time="0.001"><failure message="AssertionError: Web application failed to open at http://127.0.0.1:8080! Error: Frontend server unreachable: [WinError 10061] No connection could be made because the target machine actively refused it&#10;assert False&#10; +  where False = WebProbe._server_up">tests\selenium\test_selenium_suite.py:79: in test_selenium_case
    assert WebProbe._server_up, f"Web application failed to open at {FRONTEND_URL}! Error: {WebProbe._error}"
E   AssertionError: Web application failed to open at http://127.0.0.1:8080! Error: Frontend server unreachable: [WinError 10061] No connection could be made because the target machine actively refused it
E   assert False
E    +  where False = WebProbe._server_up</failure></testcase><testcase classname="tests.selenium.test_selenium_suite" name="test_selenium_case[SEL-USERS-025-Users-Verify Users feature behavior - Scenario 25-E2E check for Users subcomponent 25 to ensure visual correctness, user interaction, and data consistency.]" time="0.001"><failure message="AssertionError: Web application failed to open at http://127.0.0.1:8080! Error: Frontend server unreachable: [WinError 10061] No connection could be made because the target machine actively refused it&#10;assert False&#10; +  where False = WebProbe._server_up">tests\selenium\test_selenium_suite.py:79: in test_selenium_case
    assert WebProbe._server_up, f"Web application failed to open at {FRONTEND_URL}! Error: {WebProbe._error}"
E   AssertionError: Web application failed to open at http://127.0.0.1:8080! Error: Frontend server unreachable: [WinError 10061] No connection could be made because the target machine actively refused it
E   assert False
E    +  where False = WebProbe._server_up</failure></testcase><testcase classname="tests.selenium.test_selenium_suite" name="test_selenium_case[SEL-USERS-026-Users-Verify Users feature behavior - Scenario 26-E2E check for Users subcomponent 26 to ensure visual correctness, user interaction, and data consistency.]" time="0.001"><failure message="AssertionError: Web application failed to open at http://127.0.0.1:8080! Error: Frontend server unreachable: [WinError 10061] No connection could be made because the target machine actively refused it&#10;assert False&#10; +  where False = WebProbe._server_up">tests\selenium\test_selenium_suite.py:79: in test_selenium_case
    assert WebProbe._server_up, f"Web application failed to open at {FRONTEND_URL}! Error: {WebProbe._error}"
E   AssertionError: Web application failed to open at http://127.0.0.1:8080! Error: Frontend server unreachable: [WinError 10061] No connection could be made because the target machine actively refused it
E   assert False
E    +  where False = WebProbe._server_up</failure></testcase><testcase classname="tests.selenium.test_selenium_suite" name="test_selenium_case[SEL-USERS-027-Users-Verify Users feature behavior - Scenario 27-E2E check for Users subcomponent 27 to ensure visual correctness, user interaction, and data consistency.]" time="0.001"><failure message="AssertionError: Web application failed to open at http://127.0.0.1:8080! Error: Frontend server unreachable: [WinError 10061] No connection could be made because the target machine actively refused it&#10;assert False&#10; +  where False = WebProbe._server_up">tests\selenium\test_selenium_suite.py:79: in test_selenium_case
    assert WebProbe._server_up, f"Web application failed to open at {FRONTEND_URL}! Error: {WebProbe._error}"
E   AssertionError: Web application failed to open at http://127.0.0.1:8080! Error: Frontend server unreachable: [WinError 10061] No connection could be made because the target machine actively refused it
E   assert False
E    +  where False = WebProbe._server_up</failure></testcase><testcase classname="tests.selenium.test_selenium_suite" name="test_selenium_case[SEL-USERS-028-Users-Verify Users feature behavior - Scenario 28-E2E check for Users subcomponent 28 to ensure visual correctness, user interaction, and data consistency.]" time="0.001"><failure message="AssertionError: Web application failed to open at http://127.0.0.1:8080! Error: Frontend server unreachable: [WinError 10061] No connection could be made because the target machine actively refused it&#10;assert False&#10; +  where False = WebProbe._server_up">tests\selenium\test_selenium_suite.py:79: in test_selenium_case
    assert WebProbe._server_up, f"Web application failed to open at {FRONTEND_URL}! Error: {WebProbe._error}"
E   AssertionError: Web application failed to open at http://127.0.0.1:8080! Error: Frontend server unreachable: [WinError 10061] No connection could be made because the target machine actively refused it
E   assert False
E    +  where False = WebProbe._server_up</failure></testcase><testcase classname="tests.selenium.test_selenium_suite" name="test_selenium_case[SEL-USERS-029-Users-Verify Users feature behavior - Scenario 29-E2E check for Users subcomponent 29 to ensure visual correctness, user interaction, and data consistency.]" time="0.001"><failure message="AssertionError: Web application failed to open at http://127.0.0.1:8080! Error: Frontend server unreachable: [WinError 10061] No connection could be made because the target machine actively refused it&#10;assert False&#10; +  where False = WebProbe._server_up">tests\selenium\test_selenium_suite.py:79: in test_selenium_case
    assert WebProbe._server_up, f"Web application failed to open at {FRONTEND_URL}! Error: {WebProbe._error}"
E   AssertionError: Web application failed to open at http://127.0.0.1:8080! Error: Frontend server unreachable: [WinError 10061] No connection could be made because the target machine actively refused it
E   assert False
E    +  where False = WebProbe._server_up</failure></testcase><testcase classname="tests.selenium.test_selenium_suite" name="test_selenium_case[SEL-USERS-030-Users-Verify Users feature behavior - Scenario 30-E2E check for Users subcomponent 30 to ensure visual correctness, user interaction, and data consistency.]" time="0.001"><failure message="AssertionError: Web application failed to open at http://127.0.0.1:8080! Error: Frontend server unreachable: [WinError 10061] No connection could be made because the target machine actively refused it&#10;assert False&#10; +  where False = WebProbe._server_up">tests\selenium\test_selenium_suite.py:79: in test_selenium_case
    assert WebProbe._server_up, f"Web application failed to open at {FRONTEND_URL}! Error: {WebProbe._error}"
E   AssertionError: Web application failed to open at http://127.0.0.1:8080! Error: Frontend server unreachable: [WinError 10061] No connection could be made because the target machine actively refused it
E   assert False
E    +  where False = WebProbe._server_up</failure></testcase><testcase classname="tests.selenium.test_selenium_suite" name="test_selenium_case[SEL-USERS-031-Users-Verify Users feature behavior - Scenario 31-E2E check for Users subcomponent 31 to ensure visual correctness, user interaction, and data consistency.]" time="0.001"><failure message="AssertionError: Web application failed to open at http://127.0.0.1:8080! Error: Frontend server unreachable: [WinError 10061] No connection could be made because the target machine actively refused it&#10;assert False&#10; +  where False = WebProbe._server_up">tests\selenium\test_selenium_suite.py:79: in test_selenium_case
    assert WebProbe._server_up, f"Web application failed to open at {FRONTEND_URL}! Error: {WebProbe._error}"
E   AssertionError: Web application failed to open at http://127.0.0.1:8080! Error: Frontend server unreachable: [WinError 10061] No connection could be made because the target machine actively refused it
E   assert False
E    +  where False = WebProbe._server_up</failure></testcase><testcase classname="tests.selenium.test_selenium_suite" name="test_selenium_case[SEL-USERS-032-Users-Verify Users feature behavior - Scenario 32-E2E check for Users subcomponent 32 to ensure visual correctness, user interaction, and data consistency.]" time="0.001"><failure message="AssertionError: Web application failed to open at http://127.0.0.1:8080! Error: Frontend server unreachable: [WinError 10061] No connection could be made because the target machine actively refused it&#10;assert False&#10; +  where False = WebProbe._server_up">tests\selenium\test_selenium_suite.py:79: in test_selenium_case
    assert WebProbe._server_up, f"Web application failed to open at {FRONTEND_URL}! Error: {WebProbe._error}"
E   AssertionError: Web application failed to open at http://127.0.0.1:8080! Error: Frontend server unreachable: [WinError 10061] No connection could be made because the target machine actively refused it
E   assert False
E    +  where False = WebProbe._server_up</failure></testcase><testcase classname="tests.selenium.test_selenium_suite" name="test_selenium_case[SEL-USERS-033-Users-Verify Users feature behavior - Scenario 33-E2E check for Users subcomponent 33 to ensure visual correctness, user interaction, and data consistency.]" time="0.000"><failure message="AssertionError: Web application failed to open at http://127.0.0.1:8080! Error: Frontend server unreachable: [WinError 10061] No connection could be made because the target machine actively refused it&#10;assert False&#10; +  where False = WebProbe._server_up">tests\selenium\test_selenium_suite.py:79: in test_selenium_case
    assert WebProbe._server_up, f"Web application failed to open at {FRONTEND_URL}! Error: {WebProbe._error}"
E   AssertionError: Web application failed to open at http://127.0.0.1:8080! Error: Frontend server unreachable: [WinError 10061] No connection could be made because the target machine actively refused it
E   assert False
E    +  where False = WebProbe._server_up</failure></testcase><testcase classname="tests.selenium.test_selenium_suite" name="test_selenium_case[SEL-PROFILE-001-Profile-Verify Profile feature behavior - Scenario 1-E2E check for Profile subcomponent 1 to ensure visual correctness, user interaction, and data consistency.]" time="0.001"><failure message="AssertionError: Web application failed to open at http://127.0.0.1:8080! Error: Frontend server unreachable: [WinError 10061] No connection could be made because the target machine actively refused it&#10;assert False&#10; +  where False = WebProbe._server_up">tests\selenium\test_selenium_suite.py:79: in test_selenium_case
    assert WebProbe._server_up, f"Web application failed to open at {FRONTEND_URL}! Error: {WebProbe._error}"
E   AssertionError: Web application failed to open at http://127.0.0.1:8080! Error: Frontend server unreachable: [WinError 10061] No connection could be made because the target machine actively refused it
E   assert False
E    +  where False = WebProbe._server_up</failure></testcase><testcase classname="tests.selenium.test_selenium_suite" name="test_selenium_case[SEL-PROFILE-002-Profile-Verify Profile feature behavior - Scenario 2-E2E check for Profile subcomponent 2 to ensure visual correctness, user interaction, and data consistency.]" time="0.001"><failure message="AssertionError: Web application failed to open at http://127.0.0.1:8080! Error: Frontend server unreachable: [WinError 10061] No connection could be made because the target machine actively refused it&#10;assert False&#10; +  where False = WebProbe._server_up">tests\selenium\test_selenium_suite.py:79: in test_selenium_case
    assert WebProbe._server_up, f"Web application failed to open at {FRONTEND_URL}! Error: {WebProbe._error}"
E   AssertionError: Web application failed to open at http://127.0.0.1:8080! Error: Frontend server unreachable: [WinError 10061] No connection could be made because the target machine actively refused it
E   assert False
E    +  where False = WebProbe._server_up</failure></testcase><testcase classname="tests.selenium.test_selenium_suite" name="test_selenium_case[SEL-PROFILE-003-Profile-Verify Profile feature behavior - Scenario 3-E2E check for Profile subcomponent 3 to ensure visual correctness, user interaction, and data consistency.]" time="0.001"><failure message="AssertionError: Web application failed to open at http://127.0.0.1:8080! Error: Frontend server unreachable: [WinError 10061] No connection could be made because the target machine actively refused it&#10;assert False&#10; +  where False = WebProbe._server_up">tests\selenium\test_selenium_suite.py:79: in test_selenium_case
    assert WebProbe._server_up, f"Web application failed to open at {FRONTEND_URL}! Error: {WebProbe._error}"
E   AssertionError: Web application failed to open at http://127.0.0.1:8080! Error: Frontend server unreachable: [WinError 10061] No connection could be made because the target machine actively refused it
E   assert False
E    +  where False = WebProbe._server_up</failure></testcase><testcase classname="tests.selenium.test_selenium_suite" name="test_selenium_case[SEL-PROFILE-004-Profile-Verify Profile feature behavior - Scenario 4-E2E check for Profile subcomponent 4 to ensure visual correctness, user interaction, and data consistency.]" time="0.001"><failure message="AssertionError: Web application failed to open at http://127.0.0.1:8080! Error: Frontend server unreachable: [WinError 10061] No connection could be made because the target machine actively refused it&#10;assert False&#10; +  where False = WebProbe._server_up">tests\selenium\test_selenium_suite.py:79: in test_selenium_case
    assert WebProbe._server_up, f"Web application failed to open at {FRONTEND_URL}! Error: {WebProbe._error}"
E   AssertionError: Web application failed to open at http://127.0.0.1:8080! Error: Frontend server unreachable: [WinError 10061] No connection could be made because the target machine actively refused it
E   assert False
E    +  where False = WebProbe._server_up</failure></testcase><testcase classname="tests.selenium.test_selenium_suite" name="test_selenium_case[SEL-PROFILE-005-Profile-Verify Profile feature behavior - Scenario 5-E2E check for Profile subcomponent 5 to ensure visual correctness, user interaction, and data consistency.]" time="0.001"><failure message="AssertionError: Web application failed to open at http://127.0.0.1:8080! Error: Frontend server unreachable: [WinError 10061] No connection could be made because the target machine actively refused it&#10;assert False&#10; +  where False = WebProbe._server_up">tests\selenium\test_selenium_suite.py:79: in test_selenium_case
    assert WebProbe._server_up, f"Web application failed to open at {FRONTEND_URL}! Error: {WebProbe._error}"
E   AssertionError: Web application failed to open at http://127.0.0.1:8080! Error: Frontend server unreachable: [WinError 10061] No connection could be made because the target machine actively refused it
E   assert False
E    +  where False = WebProbe._server_up</failure></testcase><testcase classname="tests.selenium.test_selenium_suite" name="test_selenium_case[SEL-PROFILE-006-Profile-Verify Profile feature behavior - Scenario 6-E2E check for Profile subcomponent 6 to ensure visual correctness, user interaction, and data consistency.]" time="0.001"><failure message="AssertionError: Web application failed to open at http://127.0.0.1:8080! Error: Frontend server unreachable: [WinError 10061] No connection could be made because the target machine actively refused it&#10;assert False&#10; +  where False = WebProbe._server_up">tests\selenium\test_selenium_suite.py:79: in test_selenium_case
    assert WebProbe._server_up, f"Web application failed to open at {FRONTEND_URL}! Error: {WebProbe._error}"
E   AssertionError: Web application failed to open at http://127.0.0.1:8080! Error: Frontend server unreachable: [WinError 10061] No connection could be made because the target machine actively refused it
E   assert False
E    +  where False = WebProbe._server_up</failure></testcase><testcase classname="tests.selenium.test_selenium_suite" name="test_selenium_case[SEL-PROFILE-007-Profile-Verify Profile feature behavior - Scenario 7-E2E check for Profile subcomponent 7 to ensure visual correctness, user interaction, and data consistency.]" time="0.002"><failure message="AssertionError: Web application failed to open at http://127.0.0.1:8080! Error: Frontend server unreachable: [WinError 10061] No connection could be made because the target machine actively refused it&#10;assert False&#10; +  where False = WebProbe._server_up">tests\selenium\test_selenium_suite.py:79: in test_selenium_case
    assert WebProbe._server_up, f"Web application failed to open at {FRONTEND_URL}! Error: {WebProbe._error}"
E   AssertionError: Web application failed to open at http://127.0.0.1:8080! Error: Frontend server unreachable: [WinError 10061] No connection could be made because the target machine actively refused it
E   assert False
E    +  where False = WebProbe._server_up</failure></testcase><testcase classname="tests.selenium.test_selenium_suite" name="test_selenium_case[SEL-PROFILE-008-Profile-Verify Profile feature behavior - Scenario 8-E2E check for Profile subcomponent 8 to ensure visual correctness, user interaction, and data consistency.]" time="0.001"><failure message="AssertionError: Web application failed to open at http://127.0.0.1:8080! Error: Frontend server unreachable: [WinError 10061] No connection could be made because the target machine actively refused it&#10;assert False&#10; +  where False = WebProbe._server_up">tests\selenium\test_selenium_suite.py:79: in test_selenium_case
    assert WebProbe._server_up, f"Web application failed to open at {FRONTEND_URL}! Error: {WebProbe._error}"
E   AssertionError: Web application failed to open at http://127.0.0.1:8080! Error: Frontend server unreachable: [WinError 10061] No connection could be made because the target machine actively refused it
E   assert False
E    +  where False = WebProbe._server_up</failure></testcase><testcase classname="tests.selenium.test_selenium_suite" name="test_selenium_case[SEL-PROFILE-009-Profile-Verify Profile feature behavior - Scenario 9-E2E check for Profile subcomponent 9 to ensure visual correctness, user interaction, and data consistency.]" time="0.001"><failure message="AssertionError: Web application failed to open at http://127.0.0.1:8080! Error: Frontend server unreachable: [WinError 10061] No connection could be made because the target machine actively refused it&#10;assert False&#10; +  where False = WebProbe._server_up">tests\selenium\test_selenium_suite.py:79: in test_selenium_case
    assert WebProbe._server_up, f"Web application failed to open at {FRONTEND_URL}! Error: {WebProbe._error}"
E   AssertionError: Web application failed to open at http://127.0.0.1:8080! Error: Frontend server unreachable: [WinError 10061] No connection could be made because the target machine actively refused it
E   assert False
E    +  where False = WebProbe._server_up</failure></testcase><testcase classname="tests.selenium.test_selenium_suite" name="test_selenium_case[SEL-PROFILE-010-Profile-Verify Profile feature behavior - Scenario 10-E2E check for Profile subcomponent 10 to ensure visual correctness, user interaction, and data consistency.]" time="0.001"><failure message="AssertionError: Web application failed to open at http://127.0.0.1:8080! Error: Frontend server unreachable: [WinError 10061] No connection could be made because the target machine actively refused it&#10;assert False&#10; +  where False = WebProbe._server_up">tests\selenium\test_selenium_suite.py:79: in test_selenium_case
    assert WebProbe._server_up, f"Web application failed to open at {FRONTEND_URL}! Error: {WebProbe._error}"
E   AssertionError: Web application failed to open at http://127.0.0.1:8080! Error: Frontend server unreachable: [WinError 10061] No connection could be made because the target machine actively refused it
E   assert False
E    +  where False = WebProbe._server_up</failure></testcase><testcase classname="tests.selenium.test_selenium_suite" name="test_selenium_case[SEL-PROFILE-011-Profile-Verify Profile feature behavior - Scenario 11-E2E check for Profile subcomponent 11 to ensure visual correctness, user interaction, and data consistency.]" time="0.001"><failure message="AssertionError: Web application failed to open at http://127.0.0.1:8080! Error: Frontend server unreachable: [WinError 10061] No connection could be made because the target machine actively refused it&#10;assert False&#10; +  where False = WebProbe._server_up">tests\selenium\test_selenium_suite.py:79: in test_selenium_case
    assert WebProbe._server_up, f"Web application failed to open at {FRONTEND_URL}! Error: {WebProbe._error}"
E   AssertionError: Web application failed to open at http://127.0.0.1:8080! Error: Frontend server unreachable: [WinError 10061] No connection could be made because the target machine actively refused it
E   assert False
E    +  where False = WebProbe._server_up</failure></testcase><testcase classname="tests.selenium.test_selenium_suite" name="test_selenium_case[SEL-PROFILE-012-Profile-Verify Profile feature behavior - Scenario 12-E2E check for Profile subcomponent 12 to ensure visual correctness, user interaction, and data consistency.]" time="0.001"><failure message="AssertionError: Web application failed to open at http://127.0.0.1:8080! Error: Frontend server unreachable: [WinError 10061] No connection could be made because the target machine actively refused it&#10;assert False&#10; +  where False = WebProbe._server_up">tests\selenium\test_selenium_suite.py:79: in test_selenium_case
    assert WebProbe._server_up, f"Web application failed to open at {FRONTEND_URL}! Error: {WebProbe._error}"
E   AssertionError: Web application failed to open at http://127.0.0.1:8080! Error: Frontend server unreachable: [WinError 10061] No connection could be made because the target machine actively refused it
E   assert False
[...]
    assert WebProbe._server_up, f"Web application failed to open at {FRONTEND_URL}! Error: {WebProbe._error}"
E   AssertionError: Web application failed to open at http://127.0.0.1:8080! Error: Frontend server unreachable: [WinError 10061] No connection could be made because the target machine actively refused it
E   assert False
E    +  where False = WebProbe._server_up</failure></testcase><testcase classname="tests.selenium.test_selenium_suite" name="test_selenium_case[SEL-UTILITIES-015-Utilities-Verify Utilities feature behavior - Scenario 15-E2E check for Utilities subcomponent 15 to ensure visual correctness, user interaction, and data consistency.]" time="0.001"><failure message="AssertionError: Web application failed to open at http://127.0.0.1:8080! Error: Frontend server unreachable: [WinError 10061] No connection could be made because the target machine actively refused it&#10;assert False&#10; +  where False = WebProbe._server_up">tests\selenium\test_selenium_suite.py:79: in test_selenium_case
    assert WebProbe._server_up, f"Web application failed to open at {FRONTEND_URL}! Error: {WebProbe._error}"
E   AssertionError: Web application failed to open at http://127.0.0.1:8080! Error: Frontend server unreachable: [WinError 10061] No connection could be made because the target machine actively refused it
E   assert False
E    +  where False = WebProbe._server_up</failure></testcase><testcase classname="tests.selenium.test_selenium_suite" name="test_selenium_case[SEL-UTILITIES-016-Utilities-Verify Utilities feature behavior - Scenario 16-E2E check for Utilities subcomponent 16 to ensure visual correctness, user interaction, and data consistency.]" time="0.001"><failure message="AssertionError: Web application failed to open at http://127.0.0.1:8080! Error: Frontend server unreachable: [WinError 10061] No connection could be made because the target machine actively refused it&#10;assert False&#10; +  where False = WebProbe._server_up">tests\selenium\test_selenium_suite.py:79: in test_selenium_case
    assert WebProbe._server_up, f"Web application failed to open at {FRONTEND_URL}! Error: {WebProbe._error}"
E   AssertionError: Web application failed to open at http://127.0.0.1:8080! Error: Frontend server unreachable: [WinError 10061] No connection could be made because the target machine actively refused it
E   assert False
E    +  where False = WebProbe._server_up</failure></testcase><testcase classname="tests.selenium.test_selenium_suite" name="test_selenium_case[SEL-UTILITIES-017-Utilities-Verify Utilities feature behavior - Scenario 17-E2E check for Utilities subcomponent 17 to ensure visual correctness, user interaction, and data consistency.]" time="0.001"><failure message="AssertionError: Web application failed to open at http://127.0.0.1:8080! Error: Frontend server unreachable: [WinError 10061] No connection could be made because the target machine actively refused it&#10;assert False&#10; +  where False = WebProbe._server_up">tests\selenium\test_selenium_suite.py:79: in test_selenium_case
    assert WebProbe._server_up, f"Web application failed to open at {FRONTEND_URL}! Error: {WebProbe._error}"
E   AssertionError: Web application failed to open at http://127.0.0.1:8080! Error: Frontend server unreachable: [WinError 10061] No connection could be made because the target machine actively refused it
E   assert False
E    +  where False = WebProbe._server_up</failure></testcase><testcase classname="tests.selenium.test_selenium_suite" name="test_selenium_case[SEL-UTILITIES-018-Utilities-Verify Utilities feature behavior - Scenario 18-E2E check for Utilities subcomponent 18 to ensure visual correctness, user interaction, and data consistency.]" time="0.001"><failure message="AssertionError: Web application failed to open at http://127.0.0.1:8080! Error: Frontend server unreachable: [WinError 10061] No connection could be made because the target machine actively refused it&#10;assert False&#10; +  where False = WebProbe._server_up">tests\selenium\test_selenium_suite.py:79: in test_selenium_case
    assert WebProbe._server_up, f"Web application failed to open at {FRONTEND_URL}! Error: {WebProbe._error}"
E   AssertionError: Web application failed to open at http://127.0.0.1:8080! Error: Frontend server unreachable: [WinError 10061] No connection could be made because the target machine actively refused it
E   assert False
E    +  where False = WebProbe._server_up</failure></testcase><testcase classname="tests.selenium.test_selenium_suite" name="test_selenium_case[SEL-UTILITIES-019-Utilities-Verify Utilities feature behavior - Scenario 19-E2E check for Utilities subcomponent 19 to ensure visual correctness, user interaction, and data consistency.]" time="0.001"><failure message="AssertionError: Web application failed to open at http://127.0.0.1:8080! Error: Frontend server unreachable: [WinError 10061] No connection could be made because the target machine actively refused it&#10;assert False&#10; +  where False = WebProbe._server_up">tests\selenium\test_selenium_suite.py:79: in test_selenium_case
    assert WebProbe._server_up, f"Web application failed to open at {FRONTEND_URL}! Error: {WebProbe._error}"
E   AssertionError: Web application failed to open at http://127.0.0.1:8080! Error: Frontend server unreachable: [WinError 10061] No connection could be made because the target machine actively refused it
E   assert False
E    +  where False = WebProbe._server_up</failure></testcase><testcase classname="tests.selenium.test_selenium_suite" name="test_selenium_case[SEL-UTILITIES-020-Utilities-Verify Utilities feature behavior - Scenario 20-E2E check for Utilities subcomponent 20 to ensure visual correctness, user interaction, and data consistency.]" time="0.001"><failure message="AssertionError: Web application failed to open at http://127.0.0.1:8080! Error: Frontend server unreachable: [WinError 10061] No connection could be made because the target machine actively refused it&#10;assert False&#10; +  where False = WebProbe._server_up">tests\selenium\test_selenium_suite.py:79: in test_selenium_case
    assert WebProbe._server_up, f"Web application failed to open at {FRONTEND_URL}! Error: {WebProbe._error}"
E   AssertionError: Web application failed to open at http://127.0.0.1:8080! Error: Frontend server unreachable: [WinError 10061] No connection could be made because the target machine actively refused it
E   assert False
E    +  where False = WebProbe._server_up</failure></testcase><testcase classname="tests.selenium.test_selenium_suite" name="test_selenium_case[SEL-UTILITIES-021-Utilities-Verify Utilities feature behavior - Scenario 21-E2E check for Utilities subcomponent 21 to ensure visual correctness, user interaction, and data consistency.]" time="0.001"><failure message="AssertionError: Web application failed to open at http://127.0.0.1:8080! Error: Frontend server unreachable: [WinError 10061] No connection could be made because the target machine actively refused it&#10;assert False&#10; +  where False = WebProbe._server_up">tests\selenium\test_selenium_suite.py:79: in test_selenium_case
    assert WebProbe._server_up, f"Web application failed to open at {FRONTEND_URL}! Error: {WebProbe._error}"
E   AssertionError: Web application failed to open at http://127.0.0.1:8080! Error: Frontend server unreachable: [WinError 10061] No connection could be made because the target machine actively refused it
E   assert False
E    +  where False = WebProbe._server_up</failure></testcase><testcase classname="tests.selenium.test_selenium_suite" name="test_selenium_case[SEL-UTILITIES-022-Utilities-Verify Utilities feature behavior - Scenario 22-E2E check for Utilities subcomponent 22 to ensure visual correctness, user interaction, and data consistency.]" time="0.001"><failure message="AssertionError: Web application failed to open at http://127.0.0.1:8080! Error: Frontend server unreachable: [WinError 10061] No connection could be made because the target machine actively refused it&#10;assert False&#10; +  where False = WebProbe._server_up">tests\selenium\test_selenium_suite.py:79: in test_selenium_case
    assert WebProbe._server_up, f"Web application failed to open at {FRONTEND_URL}! Error: {WebProbe._error}"
E   AssertionError: Web application failed to open at http://127.0.0.1:8080! Error: Frontend server unreachable: [WinError 10061] No connection could be made because the target machine actively refused it
E   assert False
E    +  where False = WebProbe._server_up</failure></testcase><testcase classname="tests.selenium.test_selenium_suite" name="test_selenium_case[SEL-UTILITIES-023-Utilities-Verify Utilities feature behavior - Scenario 23-E2E check for Utilities subcomponent 23 to ensure visual correctness, user interaction, and data consistency.]" time="0.001"><failure message="AssertionError: Web application failed to open at http://127.0.0.1:8080! Error: Frontend server unreachable: [WinError 10061] No connection could be made because the target machine actively refused it&#10;assert False&#10; +  where False = WebProbe._server_up">tests\selenium\test_selenium_suite.py:79: in test_selenium_case
    assert WebProbe._server_up, f"Web application failed to open at {FRONTEND_URL}! Error: {WebProbe._error}"
E   AssertionError: Web application failed to open at http://127.0.0.1:8080! Error: Frontend server unreachable: [WinError 10061] No connection could be made because the target machine actively refused it
E   assert False
E    +  where False = WebProbe._server_up</failure></testcase><testcase classname="tests.selenium.test_selenium_suite" name="test_selenium_case[SEL-UTILITIES-024-Utilities-Verify Utilities feature behavior - Scenario 24-E2E check for Utilities subcomponent 24 to ensure visual correctness, user interaction, and data consistency.]" time="0.001"><failure message="AssertionError: Web application failed to open at http://127.0.0.1:8080! Error: Frontend server unreachable: [WinError 10061] No connection could be made because the target machine actively refused it&#10;assert False&#10; +  where False = WebProbe._server_up">tests\selenium\test_selenium_suite.py:79: in test_selenium_case
    assert WebProbe._server_up, f"Web application failed to open at {FRONTEND_URL}! Error: {WebProbe._error}"
E   AssertionError: Web application failed to open at http://127.0.0.1:8080! Error: Frontend server unreachable: [WinError 10061] No connection could be made because the target machine actively refused it
E   assert False
E    +  where False = WebProbe._server_up</failure></testcase><testcase classname="tests.selenium.test_selenium_suite" name="test_selenium_case[SEL-UTILITIES-025-Utilities-Verify Utilities feature behavior - Scenario 25-E2E check for Utilities subcomponent 25 to ensure visual correctness, user interaction, and data consistency.]" time="0.001"><failure message="AssertionError: Web application failed to open at http://127.0.0.1:8080! Error: Frontend server unreachable: [WinError 10061] No connection could be made because the target machine actively refused it&#10;assert False&#10; +  where False = WebProbe._server_up">tests\selenium\test_selenium_suite.py:79: in test_selenium_case
    assert WebProbe._server_up, f"Web application failed to open at {FRONTEND_URL}! Error: {WebProbe._error}"
E   AssertionError: Web application failed to open at http://127.0.0.1:8080! Error: Frontend server unreachable: [WinError 10061] No connection could be made because the target machine actively refused it
E   assert False
E    +  where False = WebProbe._server_up</failure></testcase><testcase classname="tests.selenium.test_selenium_suite" name="test_selenium_case[SEL-UTILITIES-026-Utilities-Verify Utilities feature behavior - Scenario 26-E2E check for Utilities subcomponent 26 to ensure visual correctness, user interaction, and data consistency.]" time="0.000"><failure message="AssertionError: Web application failed to open at http://127.0.0.1:8080! Error: Frontend server unreachable: [WinError 10061] No connection could be made because the target machine actively refused it&#10;assert False&#10; +  where False = WebProbe._server_up">tests\selenium\test_selenium_suite.py:79: in test_selenium_case
    assert WebProbe._server_up, f"Web application failed to open at {FRONTEND_URL}! Error: {WebProbe._error}"
E   AssertionError: Web application failed to open at http://127.0.0.1:8080! Error: Frontend server unreachable: [WinError 10061] No connection could be made because the target machine actively refused it
E   assert False
E    +  where False = WebProbe._server_up</failure></testcase><testcase classname="tests.selenium.test_selenium_suite" name="test_selenium_case[SEL-UTILITIES-027-Utilities-Verify Utilities feature behavior - Scenario 27-E2E check for Utilities subcomponent 27 to ensure visual correctness, user interaction, and data consistency.]" time="0.000"><failure message="AssertionError: Web application failed to open at http://127.0.0.1:8080! Error: Frontend server unreachable: [WinError 10061] No connection could be made because the target machine actively refused it&#10;assert False&#10; +  where False = WebProbe._server_up">tests\selenium\test_selenium_suite.py:79: in test_selenium_case
    assert WebProbe._server_up, f"Web application failed to open at {FRONTEND_URL}! Error: {WebProbe._error}"
E   AssertionError: Web application failed to open at http://127.0.0.1:8080! Error: Frontend server unreachable: [WinError 10061] No connection could be made because the target machine actively refused it
E   assert False
E    +  where False = WebProbe._server_up</failure></testcase><testcase classname="tests.selenium.test_selenium_suite" name="test_selenium_case[SEL-UTILITIES-028-Utilities-Verify Utilities feature behavior - Scenario 28-E2E check for Utilities subcomponent 28 to ensure visual correctness, user interaction, and data consistency.]" time="0.001"><failure message="AssertionError: Web application failed to open at http://127.0.0.1:8080! Error: Frontend server unreachable: [WinError 10061] No connection could be made because the target machine actively refused it&#10;assert False&#10; +  where False = WebProbe._server_up">tests\selenium\test_selenium_suite.py:79: in test_selenium_case
    assert WebProbe._server_up, f"Web application failed to open at {FRONTEND_URL}! Error: {WebProbe._error}"
E   AssertionError: Web application failed to open at http://127.0.0.1:8080! Error: Frontend server unreachable: [WinError 10061] No connection could be made because the target machine actively refused it
E   assert False
E    +  where False = WebProbe._server_up</failure></testcase><testcase classname="tests.selenium.test_selenium_suite" name="test_selenium_case[SEL-UTILITIES-029-Utilities-Verify Utilities feature behavior - Scenario 29-E2E check for Utilities subcomponent 29 to ensure visual correctness, user interaction, and data consistency.]" time="0.001"><failure message="AssertionError: Web application failed to open at http://127.0.0.1:8080! Error: Frontend server unreachable: [WinError 10061] No connection could be made because the target machine actively refused it&#10;assert False&#10; +  where False = WebProbe._server_up">tests\selenium\test_selenium_suite.py:79: in test_selenium_case
    assert WebProbe._server_up, f"Web application failed to open at {FRONTEND_URL}! Error: {WebProbe._error}"
E   AssertionError: Web application failed to open at http://127.0.0.1:8080! Error: Frontend server unreachable: [WinError 10061] No connection could be made because the target machine actively refused it
E   assert False
E    +  where False = WebProbe._server_up</failure></testcase><testcase classname="tests.selenium.test_selenium_suite" name="test_selenium_case[SEL-UTILITIES-030-Utilities-Verify Utilities feature behavior - Scenario 30-E2E check for Utilities subcomponent 30 to ensure visual correctness, user interaction, and data consistency.]" time="0.001"><failure message="AssertionError: Web application failed to open at http://127.0.0.1:8080! Error: Frontend server unreachable: [WinError 10061] No connection could be made because the target machine actively refused it&#10;assert False&#10; +  where False = WebProbe._server_up">tests\selenium\test_selenium_suite.py:79: in test_selenium_case
    assert WebProbe._server_up, f"Web application failed to open at {FRONTEND_URL}! Error: {WebProbe._error}"
E   AssertionError: Web application failed to open at http://127.0.0.1:8080! Error: Frontend server unreachable: [WinError 10061] No connection could be made because the target machine actively refused it
E   assert False
E    +  where False = WebProbe._server_up</failure></testcase><testcase classname="tests.selenium.test_selenium_suite" name="test_selenium_case[SEL-UTILITIES-031-Utilities-Verify Utilities feature behavior - Scenario 31-E2E check for Utilities subcomponent 31 to ensure visual correctness, user interaction, and data consistency.]" time="0.001"><failure message="AssertionError: Web application failed to open at http://127.0.0.1:8080! Error: Frontend server unreachable: [WinError 10061] No connection could be made because the target machine actively refused it&#10;assert False&#10; +  where False = WebProbe._server_up">tests\selenium\test_selenium_suite.py:79: in test_selenium_case
    assert WebProbe._server_up, f"Web application failed to open at {FRONTEND_URL}! Error: {WebProbe._error}"
E   AssertionError: Web application failed to open at http://127.0.0.1:8080! Error: Frontend server unreachable: [WinError 10061] No connection could be made because the target machine actively refused it
E   assert False
E    +  where False = WebProbe._server_up</failure></testcase><testcase classname="tests.selenium.test_selenium_suite" name="test_selenium_case[SEL-UTILITIES-032-Utilities-Verify Utilities feature behavior - Scenario 32-E2E check for Utilities subcomponent 32 to ensure visual correctness, user interaction, and data consistency.]" time="0.000"><failure message="AssertionError: Web application failed to open at http://127.0.0.1:8080! Error: Frontend server unreachable: [WinError 10061] No connection could be made because the target machine actively refused it&#10;assert False&#10; +  where False = WebProbe._server_up">tests\selenium\test_selenium_suite.py:79: in test_selenium_case
    assert WebProbe._server_up, f"Web application failed to open at {FRONTEND_URL}! Error: {WebProbe._error}"
E   AssertionError: Web application failed to open at http://127.0.0.1:8080! Error: Frontend server unreachable: [WinError 10061] No connection could be made because the target machine actively refused it
E   assert False
E    +  where False = WebProbe._server_up</failure></testcase><testcase classname="tests.selenium.test_selenium_suite" name="test_selenium_case[SEL-UTILITIES-033-Utilities-Verify Utilities feature behavior - Scenario 33-E2E check for Utilities subcomponent 33 to ensure visual correctness, user interaction, and data consistency.]" time="0.001"><failure message="AssertionError: Web application failed to open at http://127.0.0.1:8080! Error: Frontend server unreachable: [WinError 10061] No connection could be made because the target machine actively refused it&#10;assert False&#10; +  where False = WebProbe._server_up">tests\selenium\test_selenium_suite.py:79: in test_selenium_case
    assert WebProbe._server_up, f"Web application failed to open at {FRONTEND_URL}! Error: {WebProbe._error}"
E   AssertionError: Web application failed to open at http://127.0.0.1:8080! Error: Frontend server unreachable: [WinError 10061] No connection could be made because the target machine actively refused it
E   assert False
E    +  where False = WebProbe._server_up</failure></testcase></testsuite></testsuites>